[30-Nov-2022 01:09:44 UTC] WordPress database error Column 'ancestor_id' cannot be null for query INSERT INTO `wp_yoast_indexable_hierarchy` (`indexable_id`, `ancestor_id`, `depth`, `blog_id`) VALUES ('46', NULL, '1', '1') made by require_once('wp-admin/admin.php'), set_current_screen, WP_Screen->set_current_screen, do_action('current_screen'), WP_Hook->do_action, WP_Hook->apply_filters, ACF_Admin_Field_Groups->current_screen, ACF_Admin_Field_Groups->check_duplicate, acf_duplicate_field_group, acf_duplicate_fields, acf_duplicate_field, acf_update_field, wp_update_post, wp_insert_post, do_action('wp_insert_post'), WP_Hook->do_action, WP_Hook->apply_filters, Yoast\WP\SEO\Integrations\Watchers\Indexable_Post_Watcher->build_indexable, Yoast\WP\SEO\Builders\Indexable_Builder->build_for_id_and_type, Yoast\WP\SEO\Builders\Indexable_Builder->build, Yoast\WP\SEO\Builders\Indexable_Hierarchy_Builder->build, Yoast\WP\SEO\Builders\Indexable_Hierarchy_Builder->save_ancestors, Yoast\WP\SEO\Repositories\Indexable_Hierarchy_Repository->add_ancestor, Yoast\WP\Lib\Model->save, Yoast\WP\Lib\ORM->save, Yoast\WP\Lib\ORM::execute
[30-Nov-2022 01:09:44 UTC] WordPress database error Column 'ancestor_id' cannot be null for query INSERT INTO `wp_yoast_indexable_hierarchy` (`indexable_id`, `ancestor_id`, `depth`, `blog_id`) VALUES ('67', NULL, '1', '1') made by require_once('wp-admin/admin.php'), set_current_screen, WP_Screen->set_current_screen, do_action('current_screen'), WP_Hook->do_action, WP_Hook->apply_filters, ACF_Admin_Field_Groups->current_screen, ACF_Admin_Field_Groups->check_duplicate, acf_duplicate_field_group, acf_duplicate_fields, acf_duplicate_field, acf_update_field, wp_update_post, wp_insert_post, do_action('wp_insert_post'), WP_Hook->do_action, WP_Hook->apply_filters, Yoast\WP\SEO\Integrations\Watchers\Indexable_Post_Watcher->build_indexable, Yoast\WP\SEO\Builders\Indexable_Builder->build_for_id_and_type, Yoast\WP\SEO\Builders\Indexable_Builder->build, Yoast\WP\SEO\Builders\Indexable_Hierarchy_Builder->build, Yoast\WP\SEO\Builders\Indexable_Hierarchy_Builder->save_ancestors, Yoast\WP\SEO\Repositories\Indexable_Hierarchy_Repository->add_ancestor, Yoast\WP\Lib\Model->save, Yoast\WP\Lib\ORM->save, Yoast\WP\Lib\ORM::execute
[05-Dec-2022 07:45:50 UTC] PHP Fatal error:  Uncaught Symfony\Component\Debug\Exception\FatalThrowableError: Undefined constant 'n' in C:\Users\toan\Local Sites\sagethem\app\public\wp-content\uploads\cache\f52392c2ec71384ee0eabd0e996606ba1b92974d.php:18
Stack trace:
#0 C:\Users\toan\Local Sites\sagethem\app\public\wp-content\themes\sage-theme\vendor\illuminate\view\Engines\PhpEngine.php(43): include()
#1 C:\Users\toan\Local Sites\sagethem\app\public\wp-content\themes\sage-theme\vendor\illuminate\view\Engines\CompilerEngine.php(59): Illuminate\View\Engines\PhpEngine->evaluatePath('C:\\Users\\toan\\L...', Array)
#2 C:\Users\toan\Local Sites\sagethem\app\public\wp-content\themes\sage-theme\vendor\illuminate\view\View.php(142): Illuminate\View\Engines\CompilerEngine->get('C:\\Users\\toan\\L...', Array)
#3 C:\Users\toan\Local Sites\sagethem\app\public\wp-content\themes\sage-theme\vendor\illuminate\view\View.php(125): Illuminate\View\View->getContents()
#4 C:\Users\toan\Local Sites\sagethem\app\public\wp-content\themes\sage-theme\vendor\illuminate\view\View.p in C:\Users\toan\Local Sites\sagethem\app\public\wp-content\uploads\cache\f52392c2ec71384ee0eabd0e996606ba1b92974d.php on line 18
[05-Dec-2022 07:46:14 UTC] PHP Fatal error:  Uncaught Symfony\Component\Debug\Exception\FatalThrowableError: Undefined constant 'n' in C:\Users\toan\Local Sites\sagethem\app\public\wp-content\uploads\cache\f52392c2ec71384ee0eabd0e996606ba1b92974d.php:18
Stack trace:
#0 C:\Users\toan\Local Sites\sagethem\app\public\wp-content\themes\sage-theme\vendor\illuminate\view\Engines\PhpEngine.php(43): include()
#1 C:\Users\toan\Local Sites\sagethem\app\public\wp-content\themes\sage-theme\vendor\illuminate\view\Engines\CompilerEngine.php(59): Illuminate\View\Engines\PhpEngine->evaluatePath('C:\\Users\\toan\\L...', Array)
#2 C:\Users\toan\Local Sites\sagethem\app\public\wp-content\themes\sage-theme\vendor\illuminate\view\View.php(142): Illuminate\View\Engines\CompilerEngine->get('C:\\Users\\toan\\L...', Array)
#3 C:\Users\toan\Local Sites\sagethem\app\public\wp-content\themes\sage-theme\vendor\illuminate\view\View.php(125): Illuminate\View\View->getContents()
#4 C:\Users\toan\Local Sites\sagethem\app\public\wp-content\themes\sage-theme\vendor\illuminate\view\View.p in C:\Users\toan\Local Sites\sagethem\app\public\wp-content\uploads\cache\f52392c2ec71384ee0eabd0e996606ba1b92974d.php on line 18
[05-Dec-2022 07:46:25 UTC] PHP Fatal error:  Uncaught Symfony\Component\Debug\Exception\FatalThrowableError: Undefined constant 'n' in C:\Users\toan\Local Sites\sagethem\app\public\wp-content\uploads\cache\f52392c2ec71384ee0eabd0e996606ba1b92974d.php:18
Stack trace:
#0 C:\Users\toan\Local Sites\sagethem\app\public\wp-content\themes\sage-theme\vendor\illuminate\view\Engines\PhpEngine.php(43): include()
#1 C:\Users\toan\Local Sites\sagethem\app\public\wp-content\themes\sage-theme\vendor\illuminate\view\Engines\CompilerEngine.php(59): Illuminate\View\Engines\PhpEngine->evaluatePath('C:\\Users\\toan\\L...', Array)
#2 C:\Users\toan\Local Sites\sagethem\app\public\wp-content\themes\sage-theme\vendor\illuminate\view\View.php(142): Illuminate\View\Engines\CompilerEngine->get('C:\\Users\\toan\\L...', Array)
#3 C:\Users\toan\Local Sites\sagethem\app\public\wp-content\themes\sage-theme\vendor\illuminate\view\View.php(125): Illuminate\View\View->getContents()
#4 C:\Users\toan\Local Sites\sagethem\app\public\wp-content\themes\sage-theme\vendor\illuminate\view\View.p in C:\Users\toan\Local Sites\sagethem\app\public\wp-content\uploads\cache\f52392c2ec71384ee0eabd0e996606ba1b92974d.php on line 18
[05-Dec-2022 07:46:27 UTC] PHP Fatal error:  Uncaught Symfony\Component\Debug\Exception\FatalThrowableError: Undefined constant 'n' in C:\Users\toan\Local Sites\sagethem\app\public\wp-content\uploads\cache\f52392c2ec71384ee0eabd0e996606ba1b92974d.php:18
Stack trace:
#0 C:\Users\toan\Local Sites\sagethem\app\public\wp-content\themes\sage-theme\vendor\illuminate\view\Engines\PhpEngine.php(43): include()
#1 C:\Users\toan\Local Sites\sagethem\app\public\wp-content\themes\sage-theme\vendor\illuminate\view\Engines\CompilerEngine.php(59): Illuminate\View\Engines\PhpEngine->evaluatePath('C:\\Users\\toan\\L...', Array)
#2 C:\Users\toan\Local Sites\sagethem\app\public\wp-content\themes\sage-theme\vendor\illuminate\view\View.php(142): Illuminate\View\Engines\CompilerEngine->get('C:\\Users\\toan\\L...', Array)
#3 C:\Users\toan\Local Sites\sagethem\app\public\wp-content\themes\sage-theme\vendor\illuminate\view\View.php(125): Illuminate\View\View->getContents()
#4 C:\Users\toan\Local Sites\sagethem\app\public\wp-content\themes\sage-theme\vendor\illuminate\view\View.p in C:\Users\toan\Local Sites\sagethem\app\public\wp-content\uploads\cache\f52392c2ec71384ee0eabd0e996606ba1b92974d.php on line 18
[05-Dec-2022 07:46:27 UTC] PHP Fatal error:  Uncaught Symfony\Component\Debug\Exception\FatalThrowableError: Undefined constant 'n' in C:\Users\toan\Local Sites\sagethem\app\public\wp-content\uploads\cache\f52392c2ec71384ee0eabd0e996606ba1b92974d.php:18
Stack trace:
#0 C:\Users\toan\Local Sites\sagethem\app\public\wp-content\themes\sage-theme\vendor\illuminate\view\Engines\PhpEngine.php(43): include()
#1 C:\Users\toan\Local Sites\sagethem\app\public\wp-content\themes\sage-theme\vendor\illuminate\view\Engines\CompilerEngine.php(59): Illuminate\View\Engines\PhpEngine->evaluatePath('C:\\Users\\toan\\L...', Array)
#2 C:\Users\toan\Local Sites\sagethem\app\public\wp-content\themes\sage-theme\vendor\illuminate\view\View.php(142): Illuminate\View\Engines\CompilerEngine->get('C:\\Users\\toan\\L...', Array)
#3 C:\Users\toan\Local Sites\sagethem\app\public\wp-content\themes\sage-theme\vendor\illuminate\view\View.php(125): Illuminate\View\View->getContents()
#4 C:\Users\toan\Local Sites\sagethem\app\public\wp-content\themes\sage-theme\vendor\illuminate\view\View.p in C:\Users\toan\Local Sites\sagethem\app\public\wp-content\uploads\cache\f52392c2ec71384ee0eabd0e996606ba1b92974d.php on line 18
